<?xml version="1.0" encoding="UTF-8"?>
<!-- Generated by org.testng.reporters.JUnitXMLReporter -->
<testsuite ignored="0" hostname="Aishwarya_29" failures="0" tests="5" name="Test" time="40.449" errors="0" timestamp="2025-11-06T19:26:20 IST">
  <testcase classname="com.test.classes.TC_Logintestcase" name="logintestclass" time="8.357"/>
  <testcase classname="com.test.classes.TC_LoginDDT" name="LoginDDT" time="8.439"/>
  <testcase classname="com.test.classes.TC_LoginDDT" name="LoginDDT" time="3.157"/>
  <testcase classname="com.test.classes.TC_LoginDDT" name="LoginDDT" time="3.157"/>
  <testcase classname="com.test.classes.TC_LoginDDT" name="LoginDDT" time="3.176"/>
</testsuite> <!-- Test -->
