<?xml version="1.0" encoding="UTF-8"?>
<!-- Generated by org.testng.reporters.JUnitXMLReporter -->
<testsuite ignored="0" hostname="Aishwarya_29" failures="1" tests="1" name="Master(failed)" time="8.231" errors="0" timestamp="2025-11-07T15:52:24 IST">
  <testcase classname="com.test.classes.TC_LoginDDT" name="LoginDDT" time="0.066">
    <failure type="java.lang.AssertionError" message="null">
      <![CDATA[java.lang.AssertionError: null
at com.test.classes.TC_LoginDDT.LoginDDT(TC_LoginDDT.java:76)
at java.base/java.util.ArrayList.forEach(ArrayList.java:1597)
... Removed 27 stack frames]]>
    </failure>
  </testcase> <!-- LoginDDT -->
</testsuite> <!-- Master(failed) -->
